2025-01-06T14:10:08.414Z [info]: Courier schema initialized
2025-01-06T14:10:08.415Z [info]: Courier model initialized
2025-01-06T14:11:40.766Z [info]: Courier schema initialized
2025-01-06T14:11:40.767Z [info]: Courier model initialized
2025-01-06T14:13:17.348Z [info]: Courier schema initialized
2025-01-06T14:13:17.349Z [info]: Courier model initialized
2025-01-06T14:13:55.612Z [info]: Courier schema initialized
2025-01-06T14:13:55.613Z [info]: Courier model initialized
2025-01-06T14:14:09.634Z [info]: Courier schema initialized
2025-01-06T14:14:09.635Z [info]: Courier model initialized
2025-01-06T14:15:34.688Z [info]: Courier schema initialized
2025-01-06T14:15:34.689Z [info]: Courier model initialized
2025-01-06T14:27:41.444Z [info]: Create courier validation executed
2025-01-06T14:27:41.446Z [error]: Creation Error: courierService is not defined
2025-01-06T14:28:53.651Z [error]: Fetch Error: courierService is not defined
2025-01-06T14:32:16.538Z [error]: Fetch Error: courierService is not defined
2025-01-06T14:32:26.679Z [error]: Fetch Error: courierService is not defined
2025-01-06T14:33:28.082Z [error]: Fetch Error: courierService is not defined
2025-01-06T14:35:02.837Z [info]: Create courier validation executed
2025-01-06T14:35:02.840Z [error]: Creation Error: courierService is not defined
2025-01-06T14:36:07.627Z [info]: Create courier validation executed
2025-01-06T14:36:07.630Z [error]: Creation Error: courierService is not defined
2025-01-06T14:39:16.019Z [info]: Create courier validation executed
2025-01-06T14:39:16.050Z [info]: Courier saved to database
2025-01-06T14:39:16.050Z [info]: Courier created successfully
2025-01-06T14:39:43.285Z [info]: Fetched non-deleted couriers from database
2025-01-06T14:39:43.285Z [info]: Fetched all couriers
2025-01-06T14:40:47.345Z [info]: Create courier validation executed
2025-01-06T14:40:47.347Z [error]: Validation Error: "isDeleted" is not allowed2025-01-06T14:46:58.004Z [info]: Create courier validation executed
2025-01-06T14:46:58.007Z [error]: Creation Error: Cannot read properties of undefined (reading 'collection')
2025-01-06T14:47:32.615Z [info]: Fetched non-deleted couriers from database
2025-01-06T14:47:32.616Z [info]: Fetched all couriers
2025-01-06T14:48:12.965Z [info]: Fetched non-deleted couriers from database
2025-01-06T14:48:12.966Z [info]: Fetched all couriers
2025-01-06T14:48:29.958Z [info]: Create courier validation executed
2025-01-06T14:48:29.960Z [error]: Validation Error: "isDeleted" is not allowed
2025-01-06T14:51:28.563Z [info]: Create courier validation executed
2025-01-06T14:51:28.567Z [error]: Creation Error: Cannot create property '_id' on string '[object Object]"isDeleted":"false"'
2025-01-06T14:52:53.826Z [info]: Create courier validation executed
2025-01-06T14:52:53.861Z [info]: Courier saved to database
2025-01-06T14:52:53.861Z [info]: Courier created successfully
2025-01-06T14:53:00.502Z [info]: Fetched non-deleted couriers from database
2025-01-06T14:53:00.502Z [info]: Fetched all couriers
2025-01-06T16:26:52.850Z [error]: Deletion Error: Cannot read properties of undefined (reading 'collection')
2025-01-06T16:29:25.525Z [error]: Deletion Error: Cannot read properties of undefined (reading 'collection')
2025-01-06T16:30:00.514Z [error]: Fetch Error: Cannot read properties of undefined (reading 'collection')
2025-01-06T16:43:45.372Z [error]: Deletion Error: Cannot read properties of undefined (reading 'collection')
2025-01-06T16:43:57.932Z [error]: Deletion Error: Cannot read properties of undefined (reading 'collection')
2025-01-06T16:44:06.536Z [error]: Deletion Error: db.ObjectId is not a constructor
2025-01-06T16:44:21.691Z [info]: Fetched non-deleted couriers from database
2025-01-06T16:44:21.691Z [info]: Fetched all couriers
2025-01-06T16:48:17.162Z [error]: Deletion Error: db.ObjectId is not a constructor
2025-01-06T16:49:47.768Z [info]: Courier soft deleted in database
2025-01-06T16:49:47.769Z [info]: Courier soft deleted successfully
2025-01-06T16:50:04.226Z [info]: Fetched non-deleted couriers from database
2025-01-06T16:50:04.226Z [info]: Fetched all couriers
2025-01-06T16:51:15.620Z [info]: Courier soft deleted in database
2025-01-06T16:51:15.621Z [info]: Courier soft deleted successfully
2025-01-06T16:52:28.297Z [info]: Fetched non-deleted couriers from database
2025-01-06T16:52:28.298Z [info]: Fetched all couriers
2025-01-06T16:52:33.576Z [info]: Courier soft deleted in database
2025-01-06T16:52:33.576Z [info]: Courier soft deleted successfully
2025-01-06T16:57:52.133Z [info]: Fetched non-deleted couriers from database
2025-01-06T16:57:52.134Z [info]: Fetched all couriers
2025-01-06T16:58:43.227Z [info]: Update courier validation executed
2025-01-06T16:58:43.228Z [error]: Validation Error: "created_Date" is required
2025-01-06T16:59:59.003Z [info]: Update courier validation executed
2025-01-06T16:59:59.004Z [error]: Validation Error: "primary_No" is required
2025-01-06T17:00:29.810Z [info]: Update courier validation executed
2025-01-06T17:00:29.813Z [error]: Validation Error: "address" is not allowed
2025-01-06T17:01:42.431Z [info]: Update courier validation executed
2025-01-06T17:01:42.459Z [info]: Courier updated in database
2025-01-06T17:01:42.459Z [info]: Courier updated successfully
2025-01-06T17:01:53.859Z [info]: Fetched non-deleted couriers from database
2025-01-06T17:01:53.859Z [info]: Fetched all couriers
2025-01-06T17:04:36.884Z [info]: Fetched non-deleted couriers from database
2025-01-06T17:04:36.885Z [info]: Fetched all couriers
2025-01-06T17:08:00.125Z [info]: Update courier validation executed
2025-01-06T17:08:00.127Z [error]: Validation Error: "address.permenant" is not allowed
2025-01-06T17:09:42.141Z [info]: Update courier validation executed
2025-01-06T17:09:42.145Z [error]: Validation Error: "address.permenant" is not allowed
2025-01-06T17:10:18.873Z [info]: Update courier validation executed
2025-01-06T17:10:18.899Z [error]: Update Error: Courier not found
2025-01-06T17:11:54.382Z [info]: Fetched non-deleted couriers from database
2025-01-06T17:11:54.383Z [info]: Fetched all couriers
2025-01-06T17:14:32.620Z [info]: Update courier validation executed
2025-01-06T17:14:32.659Z [info]: Courier updated in database
2025-01-06T17:14:32.659Z [info]: Courier updated successfully
2025-01-06T17:14:32.659Z [error]: Update Error: es is not defined
2025-01-06T17:14:55.052Z [info]: Update courier validation executed
2025-01-06T17:14:55.067Z [info]: Courier updated in database
2025-01-06T17:14:55.068Z [info]: Courier updated successfully
2025-01-06T17:14:55.068Z [error]: Update Error: es is not defined
2025-01-06T17:23:22.909Z [info]: Create courier validation executed
2025-01-06T17:23:22.934Z [info]: Courier saved to database
2025-01-06T17:23:22.934Z [info]: Courier created successfully
2025-01-06T17:23:28.032Z [info]: Fetched non-deleted couriers from database
2025-01-06T17:23:28.032Z [info]: Fetched all couriers
2025-01-06T17:28:30.158Z [info]: Fetched non-deleted couriers from database
2025-01-06T17:28:30.159Z [info]: Fetched all couriers
2025-01-06T17:28:37.729Z [info]: Create courier validation executed
2025-01-06T17:28:37.758Z [info]: Courier saved to database
2025-01-06T17:28:37.758Z [info]: Courier created successfully
2025-01-06T17:29:18.955Z [info]: Create courier validation executed
2025-01-06T17:29:18.971Z [info]: Courier saved to database
2025-01-06T17:29:18.971Z [info]: Courier created successfully
2025-01-06T17:29:24.432Z [info]: Fetched non-deleted couriers from database
2025-01-06T17:29:24.432Z [info]: Fetched all couriers
2025-01-06T17:30:23.393Z [info]: Create courier validation executed
2025-01-06T17:30:23.411Z [info]: Courier saved to database
2025-01-06T17:30:23.411Z [info]: Courier created successfully
2025-01-06T17:30:27.732Z [info]: Fetched non-deleted couriers from database
2025-01-06T17:30:27.732Z [info]: Fetched all couriers
2025-01-06T17:31:52.332Z [info]: Courier soft deleted in database
2025-01-06T17:31:52.332Z [info]: Courier soft deleted successfully
2025-01-06T17:31:57.705Z [info]: Fetched non-deleted couriers from database
2025-01-06T17:31:57.705Z [info]: Fetched all couriers
2025-01-06T17:32:31.641Z [info]: Update courier validation executed
2025-01-06T17:32:31.651Z [info]: Courier updated in database
2025-01-06T17:32:31.651Z [info]: Courier updated successfully
2025-01-06T17:32:31.651Z [error]: Update Error: es is not defined
2025-01-06T17:33:21.683Z [info]: Update courier validation executed
2025-01-06T17:33:21.698Z [info]: Courier updated in database
2025-01-06T17:33:21.699Z [info]: Courier updated successfully
2025-01-06T17:33:21.699Z [error]: Update Error: es is not defined
2025-01-06T17:33:55.775Z [info]: Fetched non-deleted couriers from database
2025-01-06T17:33:55.776Z [info]: Fetched all couriers
2025-01-06T17:34:33.941Z [info]: Update courier validation executed
2025-01-06T17:34:33.964Z [info]: Courier updated in database
2025-01-06T17:34:33.965Z [info]: Courier updated successfully
2025-01-06T17:34:33.965Z [error]: Update Error: es is not defined
2025-01-06T17:35:44.421Z [info]: Update courier validation executed
2025-01-06T17:35:44.464Z [info]: Courier updated in database
2025-01-06T17:35:44.465Z [info]: Courier updated successfully
2025-01-06T17:35:44.465Z [error]: Update Error: es is not defined
2025-01-06T17:36:02.692Z [info]: Fetched non-deleted couriers from database
2025-01-06T17:36:02.692Z [info]: Fetched all couriers
2025-01-06T17:42:34.965Z [info]: Update courier validation executed
2025-01-06T17:42:35.003Z [info]: Courier updated in database
2025-01-06T17:42:35.004Z [info]: Courier updated successfully
2025-01-06T17:42:35.004Z [error]: Update Error: es is not defined
2025-01-06T17:43:34.369Z [info]: Update courier validation executed
2025-01-06T17:43:34.382Z [info]: Courier updated in database
2025-01-06T17:43:34.383Z [info]: Courier updated successfully
2025-01-06T17:43:34.383Z [error]: Update Error: es is not defined
2025-01-06T17:44:40.667Z [info]: Update courier validation executed
2025-01-06T17:44:40.692Z [info]: Courier updated in database
2025-01-06T17:44:40.692Z [info]: Courier updated successfully
2025-01-06T17:44:40.693Z [error]: Update Error: es is not defined
2025-01-06T17:45:19.281Z [info]: Update courier validation executed
2025-01-06T17:45:19.293Z [info]: Courier updated in database
2025-01-06T17:45:19.294Z [info]: Courier updated successfully
2025-01-06T17:45:41.550Z [info]: Update courier validation executed
2025-01-06T17:45:41.563Z [info]: Courier updated in database
2025-01-06T17:45:41.563Z [info]: Courier updated successfully
2025-01-06T17:45:47.964Z [info]: Courier soft deleted in database
2025-01-06T17:45:47.964Z [info]: Courier soft deleted successfully
2025-01-06T17:46:13.650Z [info]: Courier soft deleted in database
2025-01-06T17:46:13.651Z [info]: Courier soft deleted successfully
2025-01-06T17:46:24.644Z [info]: Fetched non-deleted couriers from database
2025-01-06T17:46:24.644Z [info]: Fetched all couriers
2025-01-06T17:46:44.320Z [info]: Courier soft deleted in database
2025-01-06T17:46:44.320Z [info]: Courier soft deleted successfully
2025-01-06T17:46:50.639Z [info]: Fetched non-deleted couriers from database
2025-01-06T17:46:50.639Z [info]: Fetched all couriers
2025-01-06T17:51:54.820Z [info]: Courier soft deleted in database
2025-01-06T17:51:54.821Z [info]: Courier soft deleted successfully
2025-01-06T17:52:11.819Z [info]: Fetched non-deleted couriers from database
2025-01-06T17:52:11.819Z [info]: Fetched all couriers
2025-01-07T04:51:31.737Z [info]: [app.js] server started on port 
2025-01-07T04:51:32.507Z [error]: [app.js] DB Connection Error: 804C52E18C7C0000:error:0A000438:SSL routines:ssl3_read_bytes:tlsv1 alert internal error:../deps/openssl/openssl/ssl/record/rec_layer_s3.c:1605:SSL alert number 80

2025-01-07T04:53:35.088Z [info]: [app.js] server started on port 
2025-01-07T04:53:35.900Z [error]: [app.js] DB Connection Error: 80ACCE3F037F0000:error:0A000438:SSL routines:ssl3_read_bytes:tlsv1 alert internal error:../deps/openssl/openssl/ssl/record/rec_layer_s3.c:1605:SSL alert number 80

2025-01-07T04:53:41.375Z [info]: [app.js] server started on port 
2025-01-07T04:53:41.569Z [error]: [app.js] DB Connection Error: 804CF2CB16710000:error:0A000438:SSL routines:ssl3_read_bytes:tlsv1 alert internal error:../deps/openssl/openssl/ssl/record/rec_layer_s3.c:1605:SSL alert number 80

2025-01-07T04:53:51.034Z [info]: [validation.js] Update courier validation executed
2025-01-07T04:53:51.036Z [error]: [courierController.js] Update Error: Cannot read properties of undefined (reading 'collection')
2025-01-07T04:53:54.981Z [info]: [validation.js] Update courier validation executed
2025-01-07T04:53:54.981Z [error]: [courierController.js] Update Error: Cannot read properties of undefined (reading 'collection')
2025-01-07T04:53:55.715Z [info]: [validation.js] Update courier validation executed
2025-01-07T04:53:55.716Z [error]: [courierController.js] Update Error: Cannot read properties of undefined (reading 'collection')
2025-01-07T04:53:56.321Z [info]: [validation.js] Update courier validation executed
2025-01-07T04:53:56.322Z [error]: [courierController.js] Update Error: Cannot read properties of undefined (reading 'collection')
2025-01-07T04:53:56.981Z [info]: [validation.js] Update courier validation executed
2025-01-07T04:53:56.981Z [error]: [courierController.js] Update Error: Cannot read properties of undefined (reading 'collection')
2025-01-07T04:53:58.394Z [info]: [validation.js] Update courier validation executed
2025-01-07T04:53:58.395Z [error]: [courierController.js] Update Error: Cannot read properties of undefined (reading 'collection')
2025-01-07T04:54:04.839Z [info]: [app.js] server started on port 
2025-01-07T04:54:06.074Z [error]: [app.js] DB Connection Error: 80FC906F6F770000:error:0A000438:SSL routines:ssl3_read_bytes:tlsv1 alert internal error:../deps/openssl/openssl/ssl/record/rec_layer_s3.c:1605:SSL alert number 80

2025-01-07T04:54:11.735Z [info]: [app.js] server started on port 
2025-01-07T04:54:11.974Z [error]: [app.js] DB Connection Error: 80DCC958547B0000:error:0A000438:SSL routines:ssl3_read_bytes:tlsv1 alert internal error:../deps/openssl/openssl/ssl/record/rec_layer_s3.c:1605:SSL alert number 80

2025-01-07T04:59:37.279Z [info]: [app.js] server started on port 
2025-01-07T04:59:39.625Z [error]: [app.js] DB Connection Error: 80CCC89A217C0000:error:0A000438:SSL routines:ssl3_read_bytes:tlsv1 alert internal error:../deps/openssl/openssl/ssl/record/rec_layer_s3.c:1605:SSL alert number 80

2025-01-07T04:59:46.849Z [info]: [app.js] server started on port 
2025-01-07T04:59:47.540Z [error]: [app.js] DB Connection Error: 803C68D6CC760000:error:0A000438:SSL routines:ssl3_read_bytes:tlsv1 alert internal error:../deps/openssl/openssl/ssl/record/rec_layer_s3.c:1605:SSL alert number 80

2025-01-07T04:59:57.827Z [info]: [app.js] server started on port 
2025-01-07T04:59:58.597Z [info]: Connected to MongoDB
2025-01-07T05:00:11.685Z [info]: [courierService.js] Fetched non-deleted couriers from database
2025-01-07T05:00:11.685Z [info]: [courierController.js] Fetched all couriers
2025-01-07T05:00:26.274Z [info]: [courierService.js] Courier soft deleted in database
2025-01-07T05:00:26.274Z [info]: [courierController.js] Courier soft deleted successfully
2025-01-07T05:00:30.286Z [info]: [courierService.js] Fetched non-deleted couriers from database
2025-01-07T05:00:30.286Z [info]: [courierController.js] Fetched all couriers
2025-01-07T05:01:19.216Z [info]: [validations.js] Create courier validation executed
2025-01-07T05:01:19.230Z [info]: [courierService.js] Courier saved to database
2025-01-07T05:01:19.230Z [info]: Courier created successfully
2025-01-07T05:01:27.825Z [info]: [courierService.js] Fetched non-deleted couriers from database
2025-01-07T05:01:27.825Z [info]: [courierController.js] Fetched all couriers
2025-01-07T05:03:29.017Z [info]: [app.js] server started on port 
2025-01-07T05:03:29.370Z [info]: Connected to MongoDB
2025-01-07T05:04:23.393Z [info]: [validations.js] Create courier validation executed
2025-01-07T05:04:23.424Z [info]: [courierService.js] Courier saved to database
2025-01-07T05:04:23.424Z [info]: Courier created successfully
2025-01-07T05:04:28.116Z [info]: [courierService.js] Fetched non-deleted couriers from database
2025-01-07T05:04:28.117Z [info]: [courierController.js] Fetched all couriers
2025-01-07T05:25:32.568Z [info]: [courierService.js] Fetched non-deleted couriers from database
2025-01-07T05:25:32.568Z [info]: [courierController.js] Fetched all couriers
2025-01-07T05:27:02.048Z [info]: [validations.js] Create courier validation executed
2025-01-07T05:27:02.080Z [info]: [courierService.js] Courier saved to database
2025-01-07T05:27:02.080Z [info]: Courier created successfully
2025-01-07T05:27:42.800Z [info]: [courierService.js] Fetched non-deleted couriers from database
2025-01-07T05:27:42.800Z [info]: [courierController.js] Fetched all couriers
2025-01-07T05:28:09.334Z [info]: [validation.js] Update courier validation executed
2025-01-07T05:28:09.360Z [info]: [courierService.js] Courier updated in database
2025-01-07T05:28:09.360Z [info]: [courierController.js] Courier updated successfully
2025-01-07T06:14:31.534Z [info]: [app.js] server started on port 
2025-01-07T06:14:32.353Z [info]: Connected to MongoDB
2025-01-07T06:14:38.616Z [info]: [courierService.js] Fetched non-deleted couriers from database
2025-01-07T06:14:38.616Z [info]: [courierController.js] Fetched all couriers
2025-01-07T06:16:02.510Z [info]: [app.js] server started on port 
2025-01-07T06:16:03.270Z [error]: [app.js] DB Connection Error: 806C4FE99F730000:error:0A000438:SSL routines:ssl3_read_bytes:tlsv1 alert internal error:../deps/openssl/openssl/ssl/record/rec_layer_s3.c:1605:SSL alert number 80

2025-01-07T06:16:06.659Z [info]: [app.js] server started on port 
2025-01-07T06:16:07.358Z [error]: [app.js] DB Connection Error: 801CA9DC94780000:error:0A000438:SSL routines:ssl3_read_bytes:tlsv1 alert internal error:../deps/openssl/openssl/ssl/record/rec_layer_s3.c:1605:SSL alert number 80

2025-01-07T06:16:11.325Z [info]: [app.js] server started on port 
2025-01-07T06:16:11.563Z [info]: Connected to MongoDB
2025-01-07T06:18:29.797Z [info]: [validations.js] Create courier validation executed
2025-01-07T06:18:29.827Z [info]: [courierService.js] Courier saved to database
2025-01-07T06:18:29.827Z [info]: Courier created successfully
2025-01-07T06:19:01.336Z [info]: [app.js] server started on port 
2025-01-07T06:19:02.684Z [error]: [app.js] DB Connection Error: 80DC0C6FEA790000:error:0A000438:SSL routines:ssl3_read_bytes:tlsv1 alert internal error:../deps/openssl/openssl/ssl/record/rec_layer_s3.c:1605:SSL alert number 80

2025-01-07T06:19:04.999Z [info]: [app.js] server started on port 
2025-01-07T06:19:05.246Z [info]: Connected to MongoDB
2025-01-07T06:19:35.429Z [info]: [courierService.js] Fetched non-deleted couriers from database
2025-01-07T06:19:35.430Z [info]: [courierController.js] Fetched all couriers
2025-01-07T06:19:49.579Z [info]: [validations.js] Create courier validation executed
2025-01-07T06:19:49.602Z [info]: [courierService.js] Courier saved to database
2025-01-07T06:19:49.602Z [info]: Courier created successfully
2025-01-07T06:21:33.840Z [info]: [app.js] server started on port 
2025-01-07T06:21:34.141Z [info]: Connected to MongoDB
2025-01-07T06:22:01.004Z [info]: [validations.js] Create courier validation executed
2025-01-07T06:22:01.006Z [error]: [courierController.js] Creation Error: created_Date is not defined
2025-01-07T06:22:44.784Z [info]: [app.js] server started on port 
2025-01-07T06:22:45.027Z [error]: [app.js] DB Connection Error: 808C6F5B87760000:error:0A000438:SSL routines:ssl3_read_bytes:tlsv1 alert internal error:../deps/openssl/openssl/ssl/record/rec_layer_s3.c:1605:SSL alert number 80

2025-01-07T06:22:47.793Z [info]: [app.js] server started on port 
2025-01-07T06:22:48.580Z [info]: Connected to MongoDB
2025-01-07T06:22:54.053Z [info]: [validations.js] Create courier validation executed
2025-01-07T06:22:54.056Z [error]: [courierController.js] Creation Error: Cannot read properties of undefined (reading 'getDate')
2025-01-07T06:26:40.886Z [info]: [app.js] server started on port 
2025-01-07T06:26:42.754Z [error]: [app.js] DB Connection Error: 80DCF370D67B0000:error:0A000438:SSL routines:ssl3_read_bytes:tlsv1 alert internal error:../deps/openssl/openssl/ssl/record/rec_layer_s3.c:1605:SSL alert number 80

2025-01-07T06:26:44.580Z [info]: [app.js] server started on port 
2025-01-07T06:26:44.829Z [info]: Connected to MongoDB
2025-01-07T06:27:16.324Z [info]: [validations.js] Create courier validation executed
2025-01-07T06:27:16.326Z [error]: [courierController.js] Creation Error: date is not a constructor
2025-01-07T06:30:27.682Z [info]: [app.js] server started on port 
2025-01-07T06:30:28.462Z [error]: [app.js] DB Connection Error: 809C52FC8C7E0000:error:0A000438:SSL routines:ssl3_read_bytes:tlsv1 alert internal error:../deps/openssl/openssl/ssl/record/rec_layer_s3.c:1605:SSL alert number 80

2025-01-07T06:30:30.266Z [info]: [app.js] server started on port 
2025-01-07T06:30:30.965Z [error]: [app.js] DB Connection Error: 800CAEB7D5720000:error:0A000438:SSL routines:ssl3_read_bytes:tlsv1 alert internal error:../deps/openssl/openssl/ssl/record/rec_layer_s3.c:1605:SSL alert number 80

2025-01-07T06:30:34.368Z [info]: [app.js] server started on port 
2025-01-07T06:30:35.042Z [error]: [app.js] DB Connection Error: 800C71824D7C0000:error:0A000438:SSL routines:ssl3_read_bytes:tlsv1 alert internal error:../deps/openssl/openssl/ssl/record/rec_layer_s3.c:1605:SSL alert number 80

2025-01-07T06:39:52.555Z [info]: [app.js] server started on port 
2025-01-07T06:39:52.756Z [error]: [app.js] DB Connection Error: 800CF149BD750000:error:0A000438:SSL routines:ssl3_read_bytes:tlsv1 alert internal error:../deps/openssl/openssl/ssl/record/rec_layer_s3.c:1605:SSL alert number 80

2025-01-07T06:39:54.758Z [info]: [app.js] server started on port 
2025-01-07T06:39:55.537Z [info]: Connected to MongoDB
2025-01-07T06:40:13.963Z [info]: [validations.js] Create courier validation executed
2025-01-07T06:40:14.008Z [info]: [courierService.js] Courier saved to database
2025-01-07T06:40:14.009Z [info]: Courier created successfully
2025-01-07T06:40:25.145Z [info]: [courierService.js] Fetched non-deleted couriers from database
2025-01-07T06:40:25.145Z [info]: [courierController.js] Fetched all couriers
2025-01-07T06:40:51.919Z [info]: [validation.js] Update courier validation executed
2025-01-07T06:40:51.934Z [info]: [courierService.js] Courier updated in database
2025-01-07T06:40:51.935Z [info]: [courierController.js] Courier updated successfully
2025-01-07T06:41:12.824Z [info]: [courierService.js] Fetched non-deleted couriers from database
2025-01-07T06:41:12.824Z [info]: [courierController.js] Fetched all couriers
2025-01-07T06:42:04.875Z [info]: [validation.js] Update courier validation executed
2025-01-07T06:42:04.903Z [info]: [courierService.js] Courier updated in database
2025-01-07T06:42:04.903Z [info]: [courierController.js] Courier updated successfully
2025-01-07T06:44:02.546Z [info]: [courierService.js] Fetched non-deleted couriers from database
2025-01-07T06:44:02.546Z [info]: [courierController.js] Fetched all couriers
2025-01-07T06:44:32.088Z [info]: [app.js] server started on port 
2025-01-07T06:44:32.470Z [info]: Connected to MongoDB
2025-01-07T06:45:14.669Z [info]: [courierService.js] Fetched non-deleted couriers from database
2025-01-07T06:45:14.670Z [info]: [courierController.js] Fetched all couriers
2025-01-07T06:46:02.831Z [info]: [validations.js] Create courier validation executed
2025-01-07T06:46:02.865Z [info]: [courierService.js] Courier saved to database
2025-01-07T06:46:02.865Z [info]: Courier created successfully
2025-01-07T06:47:16.967Z [info]: [validations.js] Create courier validation executed
2025-01-07T06:47:16.990Z [info]: [courierService.js] Courier saved to database
2025-01-07T06:47:16.990Z [info]: Courier created successfully
2025-01-07T06:50:30.037Z [info]: [app.js] server started on port 
2025-01-07T06:50:33.011Z [error]: [app.js] DB Connection Error: 80FCA8DCA4760000:error:0A000438:SSL routines:ssl3_read_bytes:tlsv1 alert internal error:../deps/openssl/openssl/ssl/record/rec_layer_s3.c:1605:SSL alert number 80

2025-01-07T06:50:35.272Z [info]: [app.js] server started on port 
2025-01-07T06:50:35.493Z [info]: Connected to MongoDB
2025-01-07T06:52:32.079Z [info]: [courierService.js] Fetched non-deleted couriers from database
2025-01-07T06:52:32.079Z [info]: [courierController.js] Fetched all couriers
2025-01-07T06:54:02.184Z [info]: [validations.js] Create courier validation executed
2025-01-07T06:54:02.210Z [info]: [courierService.js] Courier saved to database
2025-01-07T06:54:02.211Z [info]: Courier created successfully
2025-01-07T06:54:06.382Z [info]: [courierService.js] Fetched non-deleted couriers from database
2025-01-07T06:54:06.382Z [info]: [courierController.js] Fetched all couriers
2025-01-07T06:58:11.567Z [info]: [courierService.js] Fetched non-deleted couriers from database
2025-01-07T06:58:11.568Z [info]: [courierController.js] Fetched all couriers
2025-01-07T06:58:23.259Z [info]: [validation.js] Update courier validation executed
2025-01-07T06:58:23.285Z [info]: [courierService.js] Courier updated in database
2025-01-07T06:58:23.285Z [info]: [courierController.js] Courier updated successfully
2025-01-07T06:58:35.642Z [info]: [courierService.js] Fetched non-deleted couriers from database
2025-01-07T06:58:35.642Z [info]: [courierController.js] Fetched all couriers
2025-01-07T07:03:32.757Z [info]: [courierService.js] Courier soft deleted in database
2025-01-07T07:03:32.757Z [info]: [courierController.js] Courier soft deleted successfully
2025-01-07T07:03:37.879Z [info]: [courierService.js] Fetched non-deleted couriers from database
2025-01-07T07:03:37.879Z [info]: [courierController.js] Fetched all couriers
2025-01-07T08:04:11.298Z [info]: [app.js] server started on port 
2025-01-07T08:04:11.622Z [info]: Connected to MongoDB
2025-01-07T08:04:59.942Z [info]: [courierService.js] Fetched courier by ID from database
2025-01-07T08:04:59.943Z [info]: [courierController.js] Fetched courier by id
2025-01-07T08:05:19.483Z [info]: [app.js] server started on port 
2025-01-07T08:05:19.802Z [error]: [app.js] DB Connection Error: 80ACCA78467D0000:error:0A000438:SSL routines:ssl3_read_bytes:tlsv1 alert internal error:../deps/openssl/openssl/ssl/record/rec_layer_s3.c:1605:SSL alert number 80

2025-01-07T08:05:21.694Z [info]: [app.js] server started on port 
2025-01-07T08:05:22.443Z [info]: Connected to MongoDB
2025-01-07T08:05:27.232Z [info]: [courierService.js] Fetched courier by ID from database
2025-01-07T08:05:27.233Z [info]: [courierController.js] Fetched courier by id
2025-01-07T08:06:28.548Z [info]: [app.js] server started on port 
2025-01-07T08:06:28.850Z [info]: Connected to MongoDB
2025-01-07T08:06:34.445Z [error]: [courierService.js] Error fetching courier by ID: Invalid courier ID
2025-01-07T08:06:34.445Z [error]: [courierController.js] Fetch Error: Invalid courier ID
2025-01-07T08:06:41.112Z [info]: [courierService.js] Fetched non-deleted couriers from database
2025-01-07T08:06:41.112Z [info]: [courierController.js] Fetched all couriers
2025-01-07T08:06:59.906Z [error]: [courierService.js] Error fetching courier by ID: Invalid courier ID
2025-01-07T08:06:59.906Z [error]: [courierController.js] Fetch Error: Invalid courier ID
2025-01-07T08:07:13.757Z [info]: [app.js] server started on port 
2025-01-07T08:07:14.018Z [info]: Connected to MongoDB
2025-01-07T08:07:17.080Z [warn]: [courierService.js] No courier found with the given ID
2025-01-07T08:07:17.081Z [info]: [courierController.js] Fetched courier by id
2025-01-07T08:07:49.994Z [info]: [app.js] server started on port 
2025-01-07T08:07:52.896Z [info]: Connected to MongoDB
2025-01-07T08:07:56.571Z [warn]: [courierService.js] No courier found with the given ID
2025-01-07T08:07:56.572Z [info]: [courierController.js] Fetched courier by id
2025-01-07T08:08:16.880Z [info]: [app.js] server started on port 
2025-01-07T08:08:17.554Z [error]: [app.js] DB Connection Error: 807CCEBF687A0000:error:0A000438:SSL routines:ssl3_read_bytes:tlsv1 alert internal error:../deps/openssl/openssl/ssl/record/rec_layer_s3.c:1605:SSL alert number 80

2025-01-07T08:09:03.070Z [info]: [app.js] server started on port 
2025-01-07T08:09:04.920Z [info]: Connected to MongoDB
2025-01-07T08:09:07.771Z [info]: [courierService.js] Fetched courier by ID from database
2025-01-07T08:09:07.772Z [info]: [courierController.js] Fetched courier by id
2025-01-07T08:09:20.230Z [info]: [courierService.js] Fetched courier by ID from database
2025-01-07T08:09:20.230Z [info]: [courierController.js] Fetched courier by id
2025-01-07T08:09:48.733Z [info]: [courierService.js] Fetched courier by ID from database
2025-01-07T08:09:48.734Z [info]: [courierController.js] Fetched courier by id
2025-01-07T08:30:41.928Z [info]: [app.js] server started on port 
2025-01-07T08:30:42.825Z [info]: Connected to MongoDB
2025-01-07T08:30:51.731Z [info]: [validation.js] Id courier validation executed
2025-01-07T08:30:51.733Z [error]: [courierController.js] Validation Error: 
2025-01-07T08:30:56.644Z [info]: [validation.js] Id courier validation executed
2025-01-07T08:30:56.644Z [error]: [courierController.js] Validation Error: 
2025-01-07T08:31:14.140Z [info]: [validation.js] Id courier validation executed
2025-01-07T08:31:14.141Z [error]: [courierService.js] Error fetching courier by ID: Invalid courier ID
2025-01-07T08:31:14.141Z [error]: [courierController.js] Fetch Error: Invalid courier ID
2025-01-07T08:31:45.823Z [info]: [app.js] server started on port 
2025-01-07T08:31:46.177Z [error]: [app.js] DB Connection Error: 80DC4886F77D0000:error:0A000438:SSL routines:ssl3_read_bytes:tlsv1 alert internal error:../deps/openssl/openssl/ssl/record/rec_layer_s3.c:1605:SSL alert number 80

2025-01-07T08:31:53.772Z [info]: [app.js] server started on port 
2025-01-07T08:31:54.471Z [error]: [app.js] DB Connection Error: 800C532BD97C0000:error:0A000438:SSL routines:ssl3_read_bytes:tlsv1 alert internal error:../deps/openssl/openssl/ssl/record/rec_layer_s3.c:1605:SSL alert number 80

2025-01-07T08:32:10.040Z [info]: [app.js] server started on port 
2025-01-07T08:32:10.210Z [error]: [app.js] DB Connection Error: 80DC49CF007B0000:error:0A000438:SSL routines:ssl3_read_bytes:tlsv1 alert internal error:../deps/openssl/openssl/ssl/record/rec_layer_s3.c:1605:SSL alert number 80

2025-01-07T08:32:34.907Z [info]: [app.js] server started on port 
2025-01-07T08:32:35.058Z [error]: [app.js] DB Connection Error: 801CD0AB73750000:error:0A000438:SSL routines:ssl3_read_bytes:tlsv1 alert internal error:../deps/openssl/openssl/ssl/record/rec_layer_s3.c:1605:SSL alert number 80

2025-01-07T08:32:52.345Z [info]: [app.js] server started on port 
2025-01-07T08:32:52.693Z [error]: [app.js] DB Connection Error: 80ACB4A2CE790000:error:0A000438:SSL routines:ssl3_read_bytes:tlsv1 alert internal error:../deps/openssl/openssl/ssl/record/rec_layer_s3.c:1605:SSL alert number 80

2025-01-07T08:33:07.252Z [info]: [app.js] server started on port 
2025-01-07T08:33:10.656Z [info]: Connected to MongoDB
2025-01-07T08:33:15.139Z [info]: [validation.js] Id courier validation executed
2025-01-07T08:33:15.155Z [warn]: [courierService.js] No courier found with the given ID
2025-01-07T08:33:15.155Z [info]: [courierController.js] Fetched courier by id
2025-01-07T08:33:22.147Z [info]: [courierService.js] Fetched non-deleted couriers from database
2025-01-07T08:33:22.147Z [info]: [courierController.js] Fetched all couriers
2025-01-07T08:33:27.987Z [info]: [validation.js] Id courier validation executed
2025-01-07T08:33:27.999Z [warn]: [courierService.js] No courier found with the given ID
2025-01-07T08:33:27.999Z [info]: [courierController.js] Fetched courier by id
2025-01-07T08:34:16.559Z [info]: [app.js] server started on port 
2025-01-07T08:34:18.435Z [info]: Connected to MongoDB
2025-01-07T08:35:06.996Z [info]: [validation.js] Id courier validation executed
2025-01-07T08:35:07.011Z [info]: [courierService.js] Fetched courier by ID from database
2025-01-07T08:35:07.012Z [info]: [courierController.js] Fetched courier by id
2025-01-07T08:35:17.674Z [info]: [courierService.js] Courier soft deleted in database
2025-01-07T08:35:17.674Z [info]: [courierController.js] Courier soft deleted successfully
2025-01-07T08:35:23.171Z [info]: [courierService.js] Fetched non-deleted couriers from database
2025-01-07T08:35:23.172Z [info]: [courierController.js] Fetched all couriers
2025-01-07T08:38:22.372Z [info]: [courierService.js] Fetched non-deleted couriers from database
2025-01-07T08:38:22.372Z [info]: [courierController.js] Fetched all couriers
2025-01-07T08:39:00.047Z [info]: [validation.js] Id courier validation executed
2025-01-07T08:39:00.059Z [info]: [courierService.js] Fetched courier by ID from database
2025-01-07T08:39:00.059Z [info]: [courierController.js] Fetched courier by id
2025-01-07T08:39:27.533Z [info]: [validation.js] Id courier validation executed
2025-01-07T08:39:27.546Z [info]: [courierService.js] Fetched courier by ID from database
2025-01-07T08:39:27.547Z [info]: [courierController.js] Fetched courier by id
